# JRE version: Java(TM) SE Runtime Environment (8.0_40-b25) (build 1.8.0_40-b25)
# Java VM: Java HotSpot(TM) Server VM (25.40-b25 mixed mode linux-x86 )
Heap:
 PSYoungGen      total 19200K, used 15189K [0x926c0000, 0x95500000, 0xa7000000)
  eden space 18944K, 79% used [0x926c0000,0x93585558,0x93940000)
  from space 256K, 25% used [0x954c0000,0x954d0000,0x95500000)
  to   space 256K, 0% used [0x95480000,0x95480000,0x954c0000)
 ParOldGen       total 42496K, used 8162K [0x69400000, 0x6bd80000, 0x926c0000)
  object space 42496K, 19% used [0x69400000,0x69bf8bc8,0x6bd80000)
 Metaspace       used 11156K, capacity 11316K, committed 11440K, reserved 11568K
GC Heap History (10 events):
Event: 437.430 GC heap before
{Heap before GC invocations=346 (full 0):
 PSYoungGen      total 21760K, used 21552K [0x926c0000, 0x95500000, 0xa7000000)
  eden space 21504K, 100% used [0x926c0000,0x93bc0000,0x93bc0000)
  from space 256K, 18% used [0x95480000,0x9548c000,0x954c0000)
  to   space 256K, 0% used [0x954c0000,0x954c0000,0x95500000)
 ParOldGen       total 42496K, used 8162K [0x69400000, 0x6bd80000, 0x926c0000)
  object space 42496K, 19% used [0x69400000,0x69bf8bc8,0x6bd80000)
 Metaspace       used 11138K, capacity 11316K, committed 11440K, reserved 11568K
Event: 437.431 GC heap after
Heap after GC invocations=346 (full 0):
 PSYoungGen      total 21248K, used 48K [0x926c0000, 0x95500000, 0xa7000000)
  eden space 20992K, 0% used [0x926c0000,0x926c0000,0x93b40000)
  from space 256K, 18% used [0x954c0000,0x954cc000,0x95500000)
  to   space 256K, 0% used [0x95480000,0x95480000,0x954c0000)
 ParOldGen       total 42496K, used 8162K [0x69400000, 0x6bd80000, 0x926c0000)
  object space 42496K, 19% used [0x69400000,0x69bf8bc8,0x6bd80000)
 Metaspace       used 11138K, capacity 11316K, committed 11440K, reserved 11568K
}
Event: 478.954 GC heap before
{Heap before GC invocations=347 (full 0):
 PSYoungGen      total 21248K, used 21040K [0x926c0000, 0x95500000, 0xa7000000)
  eden space 20992K, 100% used [0x926c0000,0x93b40000,0x93b40000)
  from space 256K, 18% used [0x954c0000,0x954cc000,0x95500000)
  to   space 256K, 0% used [0x95480000,0x95480000,0x954c0000)
 ParOldGen       total 42496K, used 8162K [0x69400000, 0x6bd80000, 0x926c0000)
  object space 42496K, 19% used [0x69400000,0x69bf8bc8,0x6bd80000)
 Metaspace       used 11138K, capacity 11316K, committed 11440K, reserved 11568K
Event: 478.956 GC heap after
Heap after GC invocations=347 (full 0):
 PSYoungGen      total 20736K, used 64K [0x926c0000, 0x95500000, 0xa7000000)
  eden space 20480K, 0% used [0x926c0000,0x926c0000,0x93ac0000)
  from space 256K, 25% used [0x95480000,0x95490000,0x954c0000)
  to   space 256K, 0% used [0x954c0000,0x954c0000,0x95500000)
 ParOldGen       total 42496K, used 8162K [0x69400000, 0x6bd80000, 0x926c0000)
  object space 42496K, 19% used [0x69400000,0x69bf8bc8,0x6bd80000)
 Metaspace       used 11138K, capacity 11316K, committed 11440K, reserved 11568K
}
Event: 519.474 GC heap before
{Heap before GC invocations=348 (full 0):
 PSYoungGen      total 20736K, used 20544K [0x926c0000, 0x95500000, 0xa7000000)
  eden space 20480K, 100% used [0x926c0000,0x93ac0000,0x93ac0000)
  from space 256K, 25% used [0x95480000,0x95490000,0x954c0000)
  to   space 256K, 0% used [0x954c0000,0x954c0000,0x95500000)
 ParOldGen       total 42496K, used 8162K [0x69400000, 0x6bd80000, 0x926c0000)
  object space 42496K, 19% used [0x69400000,0x69bf8bc8,0x6bd80000)
 Metaspace       used 11138K, capacity 11316K, committed 11440K, reserved 11568K
Event: 519.475 GC heap after
Heap after GC invocations=348 (full 0):
 PSYoungGen      total 20224K, used 32K [0x926c0000, 0x95500000, 0xa7000000)
  eden space 19968K, 0% used [0x926c0000,0x926c0000,0x93a40000)
  from space 256K, 12% used [0x954c0000,0x954c8000,0x95500000)
  to   space 256K, 0% used [0x95480000,0x95480000,0x954c0000)
 ParOldGen       total 42496K, used 8162K [0x69400000, 0x6bd80000, 0x926c0000)
  object space 42496K, 19% used [0x69400000,0x69bf8bc8,0x6bd80000)
 Metaspace       used 11138K, capacity 11316K, committed 11440K, reserved 11568K
}
Event: 558.997 GC heap before
{Heap before GC invocations=349 (full 0):
 PSYoungGen      total 20224K, used 20000K [0x926c0000, 0x95500000, 0xa7000000)
  eden space 19968K, 100% used [0x926c0000,0x93a40000,0x93a40000)
  from space 256K, 12% used [0x954c0000,0x954c8000,0x95500000)
  to   space 256K, 0% used [0x95480000,0x95480000,0x954c0000)
 ParOldGen       total 42496K, used 8162K [0x69400000, 0x6bd80000, 0x926c0000)
  object space 42496K, 19% used [0x69400000,0x69bf8bc8,0x6bd80000)
 Metaspace       used 11138K, capacity 11316K, committed 11440K, reserved 11568K
Event: 558.999 GC heap after
Heap after GC invocations=349 (full 0):
 PSYoungGen      total 19712K, used 64K [0x926c0000, 0x95500000, 0xa7000000)
  eden space 19456K, 0% used [0x926c0000,0x926c0000,0x939c0000)
  from space 256K, 25% used [0x95480000,0x95490000,0x954c0000)
  to   space 256K, 0% used [0x954c0000,0x954c0000,0x95500000)
 ParOldGen       total 42496K, used 8162K [0x69400000, 0x6bd80000, 0x926c0000)
  object space 42496K, 19% used [0x69400000,0x69bf8bc8,0x6bd80000)
 Metaspace       used 11138K, capacity 11316K, committed 11440K, reserved 11568K
}
Event: 597.518 GC heap before
{Heap before GC invocations=350 (full 0):
 PSYoungGen      total 19712K, used 19520K [0x926c0000, 0x95500000, 0xa7000000)
  eden space 19456K, 100% used [0x926c0000,0x939c0000,0x939c0000)
  from space 256K, 25% used [0x95480000,0x95490000,0x954c0000)
  to   space 256K, 0% used [0x954c0000,0x954c0000,0x95500000)
 ParOldGen       total 42496K, used 8162K [0x69400000, 0x6bd80000, 0x926c0000)
  object space 42496K, 19% used [0x69400000,0x69bf8bc8,0x6bd80000)
 Metaspace       used 11138K, capacity 11316K, committed 11440K, reserved 11568K
Event: 597.520 GC heap after
Heap after GC invocations=350 (full 0):
 PSYoungGen      total 19200K, used 64K [0x926c0000, 0x95500000, 0xa7000000)
  eden space 18944K, 0% used [0x926c0000,0x926c0000,0x93940000)
  from space 256K, 25% used [0x954c0000,0x954d0000,0x95500000)
  to   space 256K, 0% used [0x95480000,0x95480000,0x954c0000)
 ParOldGen       total 42496K, used 8162K [0x69400000, 0x6bd80000, 0x926c0000)
  object space 42496K, 19% used [0x69400000,0x69bf8bc8,0x6bd80000)
 Metaspace       used 11138K, capacity 11316K, committed 11440K, reserved 11568K
}

